<?xml version="1.0" encoding="UTF-8"?>
<!-- Generated by org.testng.reporters.JUnitReportReporter -->
<testsuite name="com.practice.selenium.Tests.HappyPathTest" tests="1" time="34.975" ignored="0" failures="0" timestamp="10 Jul 2017 04:25:22 GMT" skipped="0" hostname="KATKORIA-PC" errors="0">
  <testcase name="TC_AddIPhone" time="34.975" classname="com.practice.selenium.Tests.HappyPathTest"/>
</testsuite> <!-- com.practice.selenium.Tests.HappyPathTest -->
