<?xml version="1.0" encoding="UTF-8"?>
<!-- Generated by org.testng.reporters.JUnitReportReporter -->
<testsuite name="com.practice.selenium.tests.MakeMyTripTest" tests="3" time="223.731" ignored="0" failures="0" timestamp="05 Sep 2017 12:43:48 GMT" skipped="0" hostname="KATKORIA-PC" errors="0">
  <testcase name="SearchFlightTest" time="98.867" classname="com.practice.selenium.tests.MakeMyTripTest"/>
  <testcase name="Login_Positive" time="50.222" classname="com.practice.selenium.tests.MakeMyTripTest"/>
  <testcase name="Login_Negative" time="74.642" classname="com.practice.selenium.tests.MakeMyTripTest"/>
</testsuite> <!-- com.practice.selenium.tests.MakeMyTripTest -->
